<?xml version="1.0" encoding="UTF-8"?>
<testng-results skipped="0" failed="0" ignored="0" total="1" passed="1">
  <reporter-output>
  </reporter-output>
  <suite name="Suite" duration-ms="8884" started-at="2018-10-22T23:17:49Z" finished-at="2018-10-22T23:17:58Z">
    <groups>
    </groups>
    <test name="Test" duration-ms="8884" started-at="2018-10-22T23:17:49Z" finished-at="2018-10-22T23:17:58Z">
      <class name="test.ExtentReportsDemoWithTestNG">
        <test-method status="PASS" signature="setUp()[pri:0, instance:test.ExtentReportsDemoWithTestNG@6537cf78]" name="setUp" is-config="true" duration-ms="104" started-at="2018-10-22T23:17:49Z" finished-at="2018-10-22T23:17:49Z">
          <reporter-output>
          </reporter-output>
        </test-method> <!-- setUp -->
        <test-method status="PASS" signature="setUpTest()[pri:0, instance:test.ExtentReportsDemoWithTestNG@6537cf78]" name="setUpTest" is-config="true" duration-ms="2252" started-at="2018-10-22T23:17:49Z" finished-at="2018-10-22T23:17:51Z">
          <reporter-output>
          </reporter-output>
        </test-method> <!-- setUpTest -->
        <test-method status="PASS" signature="setUp()[pri:0, instance:test.ExtentReportsDemoWithTestNG@6537cf78]" name="setUp" is-config="true" duration-ms="1" started-at="2018-10-22T23:17:51Z" finished-at="2018-10-22T23:17:51Z">
          <reporter-output>
          </reporter-output>
        </test-method> <!-- setUp -->
        <test-method status="PASS" signature="test1()[pri:0, instance:test.ExtentReportsDemoWithTestNG@6537cf78]" name="test1" duration-ms="6220" started-at="2018-10-22T23:17:51Z" finished-at="2018-10-22T23:17:57Z">
          <reporter-output>
          </reporter-output>
        </test-method> <!-- test1 -->
        <test-method status="PASS" signature="tearDown()[pri:0, instance:test.ExtentReportsDemoWithTestNG@6537cf78]" name="tearDown" is-config="true" duration-ms="256" started-at="2018-10-22T23:17:57Z" finished-at="2018-10-22T23:17:57Z">
          <reporter-output>
          </reporter-output>
        </test-method> <!-- tearDown -->
        <test-method status="PASS" signature="tearDownTest()[pri:0, instance:test.ExtentReportsDemoWithTestNG@6537cf78]" name="tearDownTest" is-config="true" duration-ms="140" started-at="2018-10-22T23:17:57Z" finished-at="2018-10-22T23:17:58Z">
          <reporter-output>
          </reporter-output>
        </test-method> <!-- tearDownTest -->
        <test-method status="PASS" signature="tearDown()[pri:0, instance:test.ExtentReportsDemoWithTestNG@6537cf78]" name="tearDown" is-config="true" duration-ms="45" started-at="2018-10-22T23:17:58Z" finished-at="2018-10-22T23:17:58Z">
          <reporter-output>
          </reporter-output>
        </test-method> <!-- tearDown -->
      </class> <!-- test.ExtentReportsDemoWithTestNG -->
    </test> <!-- Test -->
  </suite> <!-- Suite -->
</testng-results>
