<?xml version="1.0" encoding="UTF-8"?>
<testng-results skipped="0" failed="0" ignored="0" total="2" passed="2">
  <reporter-output>
  </reporter-output>
  <suite name="Default suite" duration-ms="12111" started-at="2018-10-23T00:17:11Z" finished-at="2018-10-23T00:17:23Z">
    <groups>
    </groups>
    <test name="Default test" duration-ms="12111" started-at="2018-10-23T00:17:11Z" finished-at="2018-10-23T00:17:23Z">
      <class name="test.ExtentReportsDemoWithTestNG">
        <test-method status="PASS" signature="setUp()[pri:0, instance:test.ExtentReportsDemoWithTestNG@343f4d3d]" name="setUp" is-config="true" duration-ms="211" started-at="2018-10-23T00:17:10Z" finished-at="2018-10-23T00:17:11Z">
          <reporter-output>
          </reporter-output>
        </test-method> <!-- setUp -->
        <test-method status="PASS" signature="setUpTest()[pri:0, instance:test.ExtentReportsDemoWithTestNG@343f4d3d]" name="setUpTest" is-config="true" duration-ms="1904" started-at="2018-10-23T00:17:11Z" finished-at="2018-10-23T00:17:12Z">
          <reporter-output>
          </reporter-output>
        </test-method> <!-- setUpTest -->
        <test-method status="PASS" signature="setUp()[pri:0, instance:test.ExtentReportsDemoWithTestNG@343f4d3d]" name="setUp" is-config="true" duration-ms="1" started-at="2018-10-23T00:17:12Z" finished-at="2018-10-23T00:17:12Z">
          <reporter-output>
          </reporter-output>
        </test-method> <!-- setUp -->
        <test-method status="PASS" signature="test1()[pri:0, instance:test.ExtentReportsDemoWithTestNG@343f4d3d]" name="test1" duration-ms="6193" started-at="2018-10-23T00:17:12Z" finished-at="2018-10-23T00:17:19Z">
          <reporter-output>
          </reporter-output>
        </test-method> <!-- test1 -->
        <test-method status="PASS" signature="tearDown()[pri:0, instance:test.ExtentReportsDemoWithTestNG@343f4d3d]" name="tearDown" is-config="true" duration-ms="333" started-at="2018-10-23T00:17:19Z" finished-at="2018-10-23T00:17:19Z">
          <reporter-output>
          </reporter-output>
        </test-method> <!-- tearDown -->
        <test-method status="PASS" signature="setUp()[pri:0, instance:test.ExtentReportsDemoWithTestNG@343f4d3d]" name="setUp" is-config="true" duration-ms="1" started-at="2018-10-23T00:17:19Z" finished-at="2018-10-23T00:17:19Z">
          <reporter-output>
          </reporter-output>
        </test-method> <!-- setUp -->
        <test-method status="PASS" signature="test2()[pri:0, instance:test.ExtentReportsDemoWithTestNG@343f4d3d]" name="test2" duration-ms="3415" started-at="2018-10-23T00:17:19Z" finished-at="2018-10-23T00:17:22Z">
          <reporter-output>
          </reporter-output>
        </test-method> <!-- test2 -->
        <test-method status="PASS" signature="tearDown()[pri:0, instance:test.ExtentReportsDemoWithTestNG@343f4d3d]" name="tearDown" is-config="true" duration-ms="41" started-at="2018-10-23T00:17:22Z" finished-at="2018-10-23T00:17:22Z">
          <reporter-output>
          </reporter-output>
        </test-method> <!-- tearDown -->
        <test-method status="PASS" signature="tearDownTest()[pri:0, instance:test.ExtentReportsDemoWithTestNG@343f4d3d]" name="tearDownTest" is-config="true" duration-ms="189" started-at="2018-10-23T00:17:22Z" finished-at="2018-10-23T00:17:23Z">
          <reporter-output>
          </reporter-output>
        </test-method> <!-- tearDownTest -->
        <test-method status="PASS" signature="tearDown()[pri:0, instance:test.ExtentReportsDemoWithTestNG@343f4d3d]" name="tearDown" is-config="true" duration-ms="43" started-at="2018-10-23T00:17:23Z" finished-at="2018-10-23T00:17:23Z">
          <reporter-output>
          </reporter-output>
        </test-method> <!-- tearDown -->
      </class> <!-- test.ExtentReportsDemoWithTestNG -->
    </test> <!-- Default test -->
  </suite> <!-- Default suite -->
</testng-results>
