<?xml version="1.0" encoding="UTF-8"?>
<testng-results skipped="0" failed="0" ignored="0" total="2" passed="2">
  <reporter-output>
  </reporter-output>
  <suite name="Default suite" duration-ms="20378" started-at="2018-10-23T04:27:58Z" finished-at="2018-10-23T04:28:18Z">
    <groups>
    </groups>
    <test name="Default test" duration-ms="20378" started-at="2018-10-23T04:27:58Z" finished-at="2018-10-23T04:28:18Z">
      <class name="test.ExtentReportsDemoWithTestNG">
        <test-method status="PASS" signature="setUp()[pri:0, instance:test.ExtentReportsDemoWithTestNG@343f4d3d]" name="setUp" is-config="true" duration-ms="173" started-at="2018-10-23T04:27:58Z" finished-at="2018-10-23T04:27:58Z">
          <reporter-output>
          </reporter-output>
        </test-method> <!-- setUp -->
        <test-method status="PASS" signature="setUpTest()[pri:0, instance:test.ExtentReportsDemoWithTestNG@343f4d3d]" name="setUpTest" is-config="true" duration-ms="1246" started-at="2018-10-23T04:27:58Z" finished-at="2018-10-23T04:27:59Z">
          <reporter-output>
          </reporter-output>
        </test-method> <!-- setUpTest -->
        <test-method status="PASS" signature="setUp()[pri:0, instance:test.ExtentReportsDemoWithTestNG@343f4d3d]" name="setUp" is-config="true" duration-ms="1" started-at="2018-10-23T04:27:59Z" finished-at="2018-10-23T04:27:59Z">
          <reporter-output>
          </reporter-output>
        </test-method> <!-- setUp -->
        <test-method status="PASS" signature="test1()[pri:0, instance:test.ExtentReportsDemoWithTestNG@343f4d3d]" name="test1" duration-ms="6711" started-at="2018-10-23T04:27:59Z" finished-at="2018-10-23T04:28:06Z">
          <reporter-output>
          </reporter-output>
        </test-method> <!-- test1 -->
        <test-method status="PASS" signature="tearDown()[pri:0, instance:test.ExtentReportsDemoWithTestNG@343f4d3d]" name="tearDown" is-config="true" duration-ms="223" started-at="2018-10-23T04:28:06Z" finished-at="2018-10-23T04:28:06Z">
          <reporter-output>
          </reporter-output>
        </test-method> <!-- tearDown -->
        <test-method status="PASS" signature="setUp()[pri:0, instance:test.ExtentReportsDemoWithTestNG@343f4d3d]" name="setUp" is-config="true" duration-ms="1" started-at="2018-10-23T04:28:06Z" finished-at="2018-10-23T04:28:06Z">
          <reporter-output>
          </reporter-output>
        </test-method> <!-- setUp -->
        <test-method status="PASS" signature="test2()[pri:0, instance:test.ExtentReportsDemoWithTestNG@343f4d3d]" name="test2" duration-ms="11970" started-at="2018-10-23T04:28:06Z" finished-at="2018-10-23T04:28:18Z">
          <reporter-output>
          </reporter-output>
        </test-method> <!-- test2 -->
        <test-method status="PASS" signature="tearDown()[pri:0, instance:test.ExtentReportsDemoWithTestNG@343f4d3d]" name="tearDown" is-config="true" duration-ms="66" started-at="2018-10-23T04:28:18Z" finished-at="2018-10-23T04:28:18Z">
          <reporter-output>
          </reporter-output>
        </test-method> <!-- tearDown -->
        <test-method status="PASS" signature="tearDownTest()[pri:0, instance:test.ExtentReportsDemoWithTestNG@343f4d3d]" name="tearDownTest" is-config="true" duration-ms="143" started-at="2018-10-23T04:28:18Z" finished-at="2018-10-23T04:28:18Z">
          <reporter-output>
          </reporter-output>
        </test-method> <!-- tearDownTest -->
        <test-method status="PASS" signature="tearDown()[pri:0, instance:test.ExtentReportsDemoWithTestNG@343f4d3d]" name="tearDown" is-config="true" duration-ms="53" started-at="2018-10-23T04:28:18Z" finished-at="2018-10-23T04:28:18Z">
          <reporter-output>
          </reporter-output>
        </test-method> <!-- tearDown -->
      </class> <!-- test.ExtentReportsDemoWithTestNG -->
    </test> <!-- Default test -->
  </suite> <!-- Default suite -->
</testng-results>
